  GameLevels.cpp
C:\Users\macie\OneDrive\Pulpit\STUDIA\SEMESTR 3\INFORMATYKA II\arkanoid\arkanoid\GameLevels.cpp(36,24): warning C4244: "inicjowanie": konwersja z "float" do "int", możliwa utrata danych
C:\Users\macie\OneDrive\Pulpit\STUDIA\SEMESTR 3\INFORMATYKA II\arkanoid\arkanoid\GameLevels.cpp(53,91): warning C4244: "argument": konwersja z "T" do "float", możliwa utrata danych
          with
          [
              T=unsigned int
          ]
C:\Users\macie\OneDrive\Pulpit\STUDIA\SEMESTR 3\INFORMATYKA II\arkanoid\arkanoid\GameLevels.cpp(53,59): warning C4244: "argument": konwersja z "T" do "float", możliwa utrata danych
          with
          [
              T=unsigned int
          ]
C:\Users\macie\OneDrive\Pulpit\STUDIA\SEMESTR 3\INFORMATYKA II\arkanoid\arkanoid\GameLevels.cpp(60,91): warning C4244: "argument": konwersja z "T" do "float", możliwa utrata danych
          with
          [
              T=unsigned int
          ]
C:\Users\macie\OneDrive\Pulpit\STUDIA\SEMESTR 3\INFORMATYKA II\arkanoid\arkanoid\GameLevels.cpp(60,58): warning C4244: "argument": konwersja z "T" do "float", możliwa utrata danych
          with
          [
              T=unsigned int
          ]
C:\Users\macie\OneDrive\Pulpit\STUDIA\SEMESTR 3\INFORMATYKA II\arkanoid\arkanoid\GameLevels.cpp(68,34): warning C4244: "argument": konwersja z "int" do "float", możliwa utrata danych
C:\Users\macie\OneDrive\Pulpit\STUDIA\SEMESTR 3\INFORMATYKA II\arkanoid\arkanoid\GameLevels.cpp(68,26): warning C4244: "argument": konwersja z "int" do "float", możliwa utrata danych
C:\Users\macie\OneDrive\Pulpit\STUDIA\SEMESTR 3\INFORMATYKA II\arkanoid\arkanoid\GameLevels.cpp(146,15): warning C4244: "argument": konwersja z "int" do "float", możliwa utrata danych
C:\Users\macie\OneDrive\Pulpit\STUDIA\SEMESTR 3\INFORMATYKA II\arkanoid\arkanoid\GameLevels.cpp(159,18): warning C4244: "argument": konwersja z "int" do "float", możliwa utrata danych
C:\Users\macie\OneDrive\Pulpit\STUDIA\SEMESTR 3\INFORMATYKA II\arkanoid\arkanoid\GameLevels.cpp(172,29): warning C4244: "argument": konwersja z "T" do "float", możliwa utrata danych
          with
          [
              T=int
          ]
  Trwa generowanie kodu
  1 of 202 functions ( 0.5%) were compiled, the rest were copied from previous compilation.
    0 functions were new in current compilation
    4 functions had inline decision re-evaluated but remain unchanged
  Zakończono generowanie kodu
  arkanoid.vcxproj -> C:\Users\macie\OneDrive\Pulpit\STUDIA\SEMESTR 3\INFORMATYKA II\arkanoid\x64\Release\arkanoid.exe
